<?xml version="1.0" encoding="UTF-8"?>
<!-- Generated by org.testng.reporters.JUnitReportReporter -->
<testsuite hostname="DESKTOP-S4S1GDB" failures="0" tests="1" name="test.Social_link_test" time="61.255" errors="0" timestamp="2023-05-06T17:26:44 IST" skipped="0">
  <testcase classname="test.Social_link_test" name="Social_links" time="61.255"/>
  <system-out/>
</testsuite> <!-- test.Social_link_test -->
