<?xml version="1.0" encoding="UTF-8"?>
<!-- Generated by org.testng.reporters.JUnitReportReporter -->
<testsuite hostname="DESKTOP-S4S1GDB" failures="0" tests="3" name="test.Login_test" time="44.493" errors="0" timestamp="2023-04-27T10:10:41 IST" skipped="0">
  <testcase classname="test.Login_test" name="Sign_up_first" time="7.392"/>
  <system-out/>
  <testcase classname="test.Login_test" name="sign_up_second_page" time="7.041"/>
  <system-out/>
  <testcase classname="test.Login_test" name="third_page_sign_up" time="30.060"/>
  <system-out/>
</testsuite> <!-- test.Login_test -->
