<?xml version="1.0" encoding="UTF-8"?>
<!-- Generated by org.testng.reporters.JUnitReportReporter -->
<testsuite hostname="DESKTOP-S4S1GDB" failures="0" tests="1" name="test.Social_link_test" time="65.168" errors="0" timestamp="2023-05-25T17:42:11 IST" skipped="0">
  <testcase classname="test.Social_link_test" name="Social_links" time="65.168"/>
  <system-out/>
</testsuite> <!-- test.Social_link_test -->
