<?xml version="1.0" encoding="UTF-8"?>
<!-- Generated by org.testng.reporters.JUnitReportReporter -->
<testsuite hostname="DESKTOP-S4S1GDB" failures="0" tests="1" name="test.Social_link_test" time="46.252" errors="0" timestamp="2023-04-28T15:33:57 IST" skipped="0">
  <testcase classname="test.Social_link_test" name="Social_links" time="46.252"/>
  <system-out/>
</testsuite> <!-- test.Social_link_test -->
