<?xml version="1.0" encoding="UTF-8"?>
<!-- Generated by org.testng.reporters.JUnitReportReporter -->
<testsuite hostname="DESKTOP-S4S1GDB" failures="0" tests="4" name="test.Sign_up_test" time="42.764" errors="0" timestamp="2023-05-25T17:42:11 IST" skipped="0">
  <testcase classname="test.Sign_up_test" name="Sign_up_first" time="8.305"/>
  <system-out/>
  <testcase classname="test.Sign_up_test" name="sign_up_second_page" time="8.882"/>
  <system-out/>
  <testcase classname="test.Sign_up_test" name="third_page_sign_up" time="15.432"/>
  <system-out/>
  <testcase classname="test.Sign_up_test" name="Verify_msg" time="10.145"/>
  <system-out/>
</testsuite> <!-- test.Sign_up_test -->
