<?xml version="1.0" encoding="UTF-8"?>
<!-- Generated by org.testng.reporters.JUnitReportReporter -->
<testsuite hostname="DESKTOP-S4S1GDB" failures="0" tests="4" name="test.Sign_up_test" time="42.706" errors="0" timestamp="2023-05-26T18:47:06 IST" skipped="0">
  <testcase classname="test.Sign_up_test" name="Sign_up_first" time="8.340"/>
  <system-out/>
  <testcase classname="test.Sign_up_test" name="sign_up_second_page" time="8.657"/>
  <system-out/>
  <testcase classname="test.Sign_up_test" name="third_page_sign_up" time="15.561"/>
  <system-out/>
  <testcase classname="test.Sign_up_test" name="Verify_msg" time="10.148"/>
  <system-out/>
</testsuite> <!-- test.Sign_up_test -->
