<?xml version="1.0" encoding="UTF-8"?>
<!-- Generated by org.testng.reporters.JUnitReportReporter -->
<testsuite hostname="DESKTOP-S4S1GDB" failures="0" tests="3" name="test.Sign_up_test" time="18.661" errors="0" timestamp="2023-05-04T10:44:07 IST" skipped="0">
  <testcase classname="test.Sign_up_test" name="Sign_up_first" time="8.349"/>
  <system-out/>
  <testcase classname="test.Sign_up_test" name="sign_up_second_page" time="8.864"/>
  <system-out/>
  <testcase classname="test.Sign_up_test" name="third_page_sign_up" time="1.448"/>
  <system-out/>
</testsuite> <!-- test.Sign_up_test -->
