<?xml version="1.0" encoding="UTF-8"?>
<!-- Generated by org.testng.reporters.JUnitReportReporter -->
<testsuite hostname="DESKTOP-S4S1GDB" failures="0" tests="8" name="test.Sign_up_test" time="194.967" errors="0" timestamp="2023-07-10T11:11:07 IST" skipped="0">
  <testcase classname="test.Sign_up_test" name="Sign_up_first" time="33.557"/>
  <system-out/>
  <testcase classname="test.Sign_up_test" name="sign_up_second_page" time="8.640"/>
  <system-out/>
  <testcase classname="test.Sign_up_test" name="third_page_sign_up" time="22.032"/>
  <system-out/>
  <testcase classname="test.Sign_up_test" name="Verify_msg" time="5.263"/>
  <system-out/>
  <testcase classname="test.Sign_up_test" name="go_back" time="1.254"/>
  <system-out/>
  <testcase classname="test.Sign_up_test" name="sign_up_with_same_address" time="64.145"/>
  <system-out/>
  <testcase classname="test.Sign_up_test" name="back_again" time="0.696"/>
  <system-out/>
  <testcase classname="test.Sign_up_test" name="sign_up_with_blank_address" time="59.380"/>
  <system-out/>
</testsuite> <!-- test.Sign_up_test -->
