<?xml version="1.0" encoding="UTF-8"?>
<!-- Generated by org.testng.reporters.JUnitReportReporter -->
<testsuite hostname="DESKTOP-S4S1GDB" failures="0" tests="5" name="test.Kitchen_decor_test" time="103.820" errors="0" timestamp="2023-05-06T16:31:01 IST" skipped="0">
  <testcase classname="test.Kitchen_decor_test" name="kitchen" time="17.404"/>
  <system-out/>
  <testcase classname="test.Kitchen_decor_test" name="choose" time="6.285"/>
  <system-out/>
  <testcase classname="test.Kitchen_decor_test" name="select_item" time="25.752"/>
  <system-out/>
  <testcase classname="test.Kitchen_decor_test" name="gotocart" time="15.850"/>
  <system-out/>
  <testcase classname="test.Kitchen_decor_test" name="ready_to_ship" time="38.529"/>
  <system-out/>
</testsuite> <!-- test.Kitchen_decor_test -->
