<?xml version="1.0" encoding="UTF-8"?>
<!-- Generated by org.testng.reporters.JUnitReportReporter -->
<testsuite hostname="DESKTOP-S4S1GDB" failures="0" tests="1" name="test.Unlock_special_offer_test" time="11.873" errors="0" timestamp="2023-05-06T17:26:44 IST" skipped="0">
  <testcase classname="test.Unlock_special_offer_test" name="Unloac_offer_price" time="11.873"/>
  <system-out/>
</testsuite> <!-- test.Unlock_special_offer_test -->
