<?xml version="1.0" encoding="UTF-8"?>
<!-- Generated by org.testng.reporters.JUnitReportReporter -->
<testsuite hostname="DESKTOP-S4S1GDB" failures="0" tests="1" name="test.Unlock_special_offer_test" time="12.735" errors="0" timestamp="2023-04-28T15:32:46 IST" skipped="0">
  <testcase classname="test.Unlock_special_offer_test" name="Unloac_offer_price" time="12.735"/>
  <system-out/>
</testsuite> <!-- test.Unlock_special_offer_test -->
