<?xml version="1.0" encoding="UTF-8"?>
<!-- Generated by org.testng.reporters.JUnitReportReporter -->
<testsuite hostname="DESKTOP-S4S1GDB" failures="0" tests="1" name="test.Login_test" time="0.038" errors="0" timestamp="2023-04-25T22:08:04 IST" skipped="0">
  <testcase classname="test.Login_test" name="Sign_up_first" time="0.038"/>
  <system-out/>
</testsuite> <!-- test.Login_test -->
