<?xml version="1.0" encoding="UTF-8"?>
<!-- Generated by org.testng.reporters.JUnitReportReporter -->
<testsuite hostname="DESKTOP-S4S1GDB" failures="0" tests="1" name="test.Kitchen_decor_test" time="247.951" errors="0" timestamp="2023-04-27T11:13:55 IST" skipped="0">
  <testcase classname="test.Kitchen_decor_test" name="kitchen" time="247.951"/>
  <system-out/>
</testsuite> <!-- test.Kitchen_decor_test -->
